Determining if the pthread_create exist failed with the following output:
Change Dir: /home/rosguy/catkin_ws/build/CMakeFiles/CMakeTmp

Run Build Command:"/usr/bin/make" "cmTC_666e7/fast"
/usr/bin/make -f CMakeFiles/cmTC_666e7.dir/build.make CMakeFiles/cmTC_666e7.dir/build
make[1]: Entering directory '/home/rosguy/catkin_ws/build/CMakeFiles/CMakeTmp'
Building C object CMakeFiles/cmTC_666e7.dir/CheckSymbolExists.c.o
/usr/bin/cc     -o CMakeFiles/cmTC_666e7.dir/CheckSymbolExists.c.o   -c /home/rosguy/catkin_ws/build/CMakeFiles/CMakeTmp/CheckSymbolExists.c
Linking C executable cmTC_666e7
/usr/bin/cmake -E cmake_link_script CMakeFiles/cmTC_666e7.dir/link.txt --verbose=1
/usr/bin/cc       CMakeFiles/cmTC_666e7.dir/CheckSymbolExists.c.o  -o cmTC_666e7 -rdynamic 
CMakeFiles/cmTC_666e7.dir/CheckSymbolExists.c.o: In function `main':
CheckSymbolExists.c:(.text+0x16): undefined reference to `pthread_create'
collect2: error: ld returned 1 exit status
CMakeFiles/cmTC_666e7.dir/build.make:97: recipe for target 'cmTC_666e7' failed
make[1]: *** [cmTC_666e7] Error 1
make[1]: Leaving directory '/home/rosguy/catkin_ws/build/CMakeFiles/CMakeTmp'
Makefile:126: recipe for target 'cmTC_666e7/fast' failed
make: *** [cmTC_666e7/fast] Error 2

File /home/rosguy/catkin_ws/build/CMakeFiles/CMakeTmp/CheckSymbolExists.c:
/* */
#include <pthread.h>

int main(int argc, char** argv)
{
  (void)argv;
#ifndef pthread_create
  return ((int*)(&pthread_create))[argc];
#else
  (void)argc;
  return 0;
#endif
}

Determining if the function pthread_create exists in the pthreads failed with the following output:
Change Dir: /home/rosguy/catkin_ws/build/CMakeFiles/CMakeTmp

Run Build Command:"/usr/bin/make" "cmTC_288a0/fast"
/usr/bin/make -f CMakeFiles/cmTC_288a0.dir/build.make CMakeFiles/cmTC_288a0.dir/build
make[1]: Entering directory '/home/rosguy/catkin_ws/build/CMakeFiles/CMakeTmp'
Building C object CMakeFiles/cmTC_288a0.dir/CheckFunctionExists.c.o
/usr/bin/cc    -DCHECK_FUNCTION_EXISTS=pthread_create   -o CMakeFiles/cmTC_288a0.dir/CheckFunctionExists.c.o   -c /usr/share/cmake-3.5/Modules/CheckFunctionExists.c
Linking C executable cmTC_288a0
/usr/bin/cmake -E cmake_link_script CMakeFiles/cmTC_288a0.dir/link.txt --verbose=1
/usr/bin/cc   -DCHECK_FUNCTION_EXISTS=pthread_create    CMakeFiles/cmTC_288a0.dir/CheckFunctionExists.c.o  -o cmTC_288a0 -rdynamic -lpthreads 
/usr/bin/ld: cannot find -lpthreads
collect2: error: ld returned 1 exit status
CMakeFiles/cmTC_288a0.dir/build.make:97: recipe for target 'cmTC_288a0' failed
make[1]: *** [cmTC_288a0] Error 1
make[1]: Leaving directory '/home/rosguy/catkin_ws/build/CMakeFiles/CMakeTmp'
Makefile:126: recipe for target 'cmTC_288a0/fast' failed
make: *** [cmTC_288a0/fast] Error 2


Determining if the CL_VERSION_2_0 exist failed with the following output:
Change Dir: /home/rosguy/catkin_ws/build/CMakeFiles/CMakeTmp

Run Build Command:"/usr/bin/make" "cmTC_52b6f/fast"
/usr/bin/make -f CMakeFiles/cmTC_52b6f.dir/build.make CMakeFiles/cmTC_52b6f.dir/build
make[1]: Entering directory '/home/rosguy/catkin_ws/build/CMakeFiles/CMakeTmp'
Building C object CMakeFiles/cmTC_52b6f.dir/CheckSymbolExists.c.o
/usr/bin/cc     -o CMakeFiles/cmTC_52b6f.dir/CheckSymbolExists.c.o   -c /home/rosguy/catkin_ws/build/CMakeFiles/CMakeTmp/CheckSymbolExists.c
/home/rosguy/catkin_ws/build/CMakeFiles/CMakeTmp/CheckSymbolExists.c:2:47: fatal error: OpenCL_INCLUDE_DIR-NOTFOUND/CL/cl.h: No such file or directory
compilation terminated.
CMakeFiles/cmTC_52b6f.dir/build.make:65: recipe for target 'CMakeFiles/cmTC_52b6f.dir/CheckSymbolExists.c.o' failed
make[1]: *** [CMakeFiles/cmTC_52b6f.dir/CheckSymbolExists.c.o] Error 1
make[1]: Leaving directory '/home/rosguy/catkin_ws/build/CMakeFiles/CMakeTmp'
Makefile:126: recipe for target 'cmTC_52b6f/fast' failed
make: *** [cmTC_52b6f/fast] Error 2

File /home/rosguy/catkin_ws/build/CMakeFiles/CMakeTmp/CheckSymbolExists.c:
/* */
#include <OpenCL_INCLUDE_DIR-NOTFOUND/CL/cl.h>

int main(int argc, char** argv)
{
  (void)argv;
#ifndef CL_VERSION_2_0
  return ((int*)(&CL_VERSION_2_0))[argc];
#else
  (void)argc;
  return 0;
#endif
}

Determining if the CL_VERSION_1_2 exist failed with the following output:
Change Dir: /home/rosguy/catkin_ws/build/CMakeFiles/CMakeTmp

Run Build Command:"/usr/bin/make" "cmTC_a9318/fast"
/usr/bin/make -f CMakeFiles/cmTC_a9318.dir/build.make CMakeFiles/cmTC_a9318.dir/build
make[1]: Entering directory '/home/rosguy/catkin_ws/build/CMakeFiles/CMakeTmp'
Building C object CMakeFiles/cmTC_a9318.dir/CheckSymbolExists.c.o
/usr/bin/cc     -o CMakeFiles/cmTC_a9318.dir/CheckSymbolExists.c.o   -c /home/rosguy/catkin_ws/build/CMakeFiles/CMakeTmp/CheckSymbolExists.c
/home/rosguy/catkin_ws/build/CMakeFiles/CMakeTmp/CheckSymbolExists.c:2:47: fatal error: OpenCL_INCLUDE_DIR-NOTFOUND/CL/cl.h: No such file or directory
compilation terminated.
CMakeFiles/cmTC_a9318.dir/build.make:65: recipe for target 'CMakeFiles/cmTC_a9318.dir/CheckSymbolExists.c.o' failed
make[1]: *** [CMakeFiles/cmTC_a9318.dir/CheckSymbolExists.c.o] Error 1
make[1]: Leaving directory '/home/rosguy/catkin_ws/build/CMakeFiles/CMakeTmp'
Makefile:126: recipe for target 'cmTC_a9318/fast' failed
make: *** [cmTC_a9318/fast] Error 2

File /home/rosguy/catkin_ws/build/CMakeFiles/CMakeTmp/CheckSymbolExists.c:
/* */
#include <OpenCL_INCLUDE_DIR-NOTFOUND/CL/cl.h>

int main(int argc, char** argv)
{
  (void)argv;
#ifndef CL_VERSION_1_2
  return ((int*)(&CL_VERSION_1_2))[argc];
#else
  (void)argc;
  return 0;
#endif
}

Determining if the CL_VERSION_1_1 exist failed with the following output:
Change Dir: /home/rosguy/catkin_ws/build/CMakeFiles/CMakeTmp

Run Build Command:"/usr/bin/make" "cmTC_3859d/fast"
/usr/bin/make -f CMakeFiles/cmTC_3859d.dir/build.make CMakeFiles/cmTC_3859d.dir/build
make[1]: Entering directory '/home/rosguy/catkin_ws/build/CMakeFiles/CMakeTmp'
Building C object CMakeFiles/cmTC_3859d.dir/CheckSymbolExists.c.o
/usr/bin/cc     -o CMakeFiles/cmTC_3859d.dir/CheckSymbolExists.c.o   -c /home/rosguy/catkin_ws/build/CMakeFiles/CMakeTmp/CheckSymbolExists.c
/home/rosguy/catkin_ws/build/CMakeFiles/CMakeTmp/CheckSymbolExists.c:2:47: fatal error: OpenCL_INCLUDE_DIR-NOTFOUND/CL/cl.h: No such file or directory
compilation terminated.
CMakeFiles/cmTC_3859d.dir/build.make:65: recipe for target 'CMakeFiles/cmTC_3859d.dir/CheckSymbolExists.c.o' failed
make[1]: *** [CMakeFiles/cmTC_3859d.dir/CheckSymbolExists.c.o] Error 1
make[1]: Leaving directory '/home/rosguy/catkin_ws/build/CMakeFiles/CMakeTmp'
Makefile:126: recipe for target 'cmTC_3859d/fast' failed
make: *** [cmTC_3859d/fast] Error 2

File /home/rosguy/catkin_ws/build/CMakeFiles/CMakeTmp/CheckSymbolExists.c:
/* */
#include <OpenCL_INCLUDE_DIR-NOTFOUND/CL/cl.h>

int main(int argc, char** argv)
{
  (void)argv;
#ifndef CL_VERSION_1_1
  return ((int*)(&CL_VERSION_1_1))[argc];
#else
  (void)argc;
  return 0;
#endif
}

Determining if the CL_VERSION_1_0 exist failed with the following output:
Change Dir: /home/rosguy/catkin_ws/build/CMakeFiles/CMakeTmp

Run Build Command:"/usr/bin/make" "cmTC_e438f/fast"
/usr/bin/make -f CMakeFiles/cmTC_e438f.dir/build.make CMakeFiles/cmTC_e438f.dir/build
make[1]: Entering directory '/home/rosguy/catkin_ws/build/CMakeFiles/CMakeTmp'
Building C object CMakeFiles/cmTC_e438f.dir/CheckSymbolExists.c.o
/usr/bin/cc     -o CMakeFiles/cmTC_e438f.dir/CheckSymbolExists.c.o   -c /home/rosguy/catkin_ws/build/CMakeFiles/CMakeTmp/CheckSymbolExists.c
/home/rosguy/catkin_ws/build/CMakeFiles/CMakeTmp/CheckSymbolExists.c:2:47: fatal error: OpenCL_INCLUDE_DIR-NOTFOUND/CL/cl.h: No such file or directory
compilation terminated.
CMakeFiles/cmTC_e438f.dir/build.make:65: recipe for target 'CMakeFiles/cmTC_e438f.dir/CheckSymbolExists.c.o' failed
make[1]: *** [CMakeFiles/cmTC_e438f.dir/CheckSymbolExists.c.o] Error 1
make[1]: Leaving directory '/home/rosguy/catkin_ws/build/CMakeFiles/CMakeTmp'
Makefile:126: recipe for target 'cmTC_e438f/fast' failed
make: *** [cmTC_e438f/fast] Error 2

File /home/rosguy/catkin_ws/build/CMakeFiles/CMakeTmp/CheckSymbolExists.c:
/* */
#include <OpenCL_INCLUDE_DIR-NOTFOUND/CL/cl.h>

int main(int argc, char** argv)
{
  (void)argv;
#ifndef CL_VERSION_1_0
  return ((int*)(&CL_VERSION_1_0))[argc];
#else
  (void)argc;
  return 0;
#endif
}

Performing C++ SOURCE FILE Test OpenCL_CXX_WORKS failed with the following output:
Change Dir: /home/rosguy/catkin_ws/build/CMakeFiles/CMakeTmp

Run Build Command:"/usr/bin/make" "cmTC_415df/fast"
/usr/bin/make -f CMakeFiles/cmTC_415df.dir/build.make CMakeFiles/cmTC_415df.dir/build
make[1]: Entering directory '/home/rosguy/catkin_ws/build/CMakeFiles/CMakeTmp'
Building CXX object CMakeFiles/cmTC_415df.dir/src.cxx.o
/usr/bin/c++    -I/include/internal  -DBT_USE_DOUBLE_PRECISION -Wall -Wuninitialized -Winit-self -Wunused-function -Wunused-label -Wunused-variable -Wunused-but-set-variable -Wunused-but-set-parameter -Warray-bounds -Wtype-limits -Wreturn-type -Wsequence-point -Wparentheses -Wmissing-braces -Wchar-subscripts -Wswitch -Wwrite-strings -Wenum-compare -Wempty-body -std=c++11 -fopenmp -DOpenCL_CXX_WORKS   -o CMakeFiles/cmTC_415df.dir/src.cxx.o -c /home/rosguy/catkin_ws/build/CMakeFiles/CMakeTmp/src.cxx
/home/rosguy/catkin_ws/build/CMakeFiles/CMakeTmp/src.cxx:2:21: fatal error: CL/cl.hpp: No such file or directory
compilation terminated.
CMakeFiles/cmTC_415df.dir/build.make:65: recipe for target 'CMakeFiles/cmTC_415df.dir/src.cxx.o' failed
make[1]: *** [CMakeFiles/cmTC_415df.dir/src.cxx.o] Error 1
make[1]: Leaving directory '/home/rosguy/catkin_ws/build/CMakeFiles/CMakeTmp'
Makefile:126: recipe for target 'cmTC_415df/fast' failed
make: *** [cmTC_415df/fast] Error 2

Source file was:

#include <CL/cl.hpp>
int main() {
  cl::Context context;
  cl::Platform platform;
  cl::Device device;
  return 0;
}
